<?xml version="1.0" encoding="UTF-8"?>
<!-- Generated by org.testng.reporters.JUnitReportReporter -->
<testsuite hostname="LAPTOP-4QSKDDFP" failures="0" tests="1" name="com.testng.prac.pattern1" time="0.012" errors="0" timestamp="2023-01-31T19:23:44 IST" skipped="0">
  <testcase classname="com.testng.prac.pattern1" name="f" time="0.012"/>
  <system-out/>
</testsuite> <!-- com.testng.prac.pattern1 -->
