<?xml version="1.0" encoding="UTF-8"?>
<!-- Generated by org.testng.reporters.JUnitReportReporter -->
<testsuite hostname="LAPTOP-4QSKDDFP" failures="0" tests="4" name="com.testng.prac.testngpriorities" time="0.019" errors="0" timestamp="2023-01-31T19:35:57 IST" skipped="0">
  <testcase classname="com.testng.prac.testngpriorities" name="c_method" time="0.013"/>
  <system-out/>
  <testcase classname="com.testng.prac.testngpriorities" name="d_method" time="0.002"/>
  <system-out/>
  <testcase classname="com.testng.prac.testngpriorities" name="b_method" time="0.002"/>
  <system-out/>
  <testcase classname="com.testng.prac.testngpriorities" name="a_method" time="0.002"/>
  <system-out/>
</testsuite> <!-- com.testng.prac.testngpriorities -->
