<?xml version="1.0" encoding="UTF-8"?>
<!-- Generated by org.testng.reporters.JUnitReportReporter -->
<testsuite hostname="LAPTOP-4QSKDDFP" failures="0" tests="1" name="com.practice.practice.TestNG" time="7.507" errors="0" timestamp="2023-01-31T19:19:51 IST" skipped="0">
  <testcase classname="com.practice.practice.TestNG" name="f" time="7.507"/>
  <system-out/>
</testsuite> <!-- com.practice.practice.TestNG -->
