<?xml version="1.0" encoding="UTF-8"?>
<!-- Generated by org.testng.reporters.JUnitReportReporter -->
<testsuite hostname="KRISHNA-450-6V93" failures="0" tests="1" name="com.prac.restassured.restprac2" time="0.561" errors="0" timestamp="2023-01-27T13:45:46 IST" skipped="0">
  <testcase classname="com.prac.restassured.restprac2" name="test_response" time="0.561"/>
  <system-out/>
</testsuite> <!-- com.prac.restassured.restprac2 -->
