<?xml version="1.0" encoding="UTF-8"?>
<!-- Generated by org.testng.reporters.JUnitReportReporter -->
<testsuite hostname="LAPTOP-4QSKDDFP" failures="0" tests="1" name="com.testng.prac.testnghierarchy" time="48.355" errors="0" timestamp="2023-01-31T19:31:59 IST" skipped="0">
  <testcase classname="com.testng.prac.testnghierarchy" name="testCase1" time="48.355"/>
  <system-out/>
</testsuite> <!-- com.testng.prac.testnghierarchy -->
